Using pre-set license
Built from '2020.3/staging' branch; Version is '2020.3.4f1 (0abb6314276a) revision 703331'; Using compiler version '192528614'; Build Type 'Release'
OS: 'Windows 10 Home Single Language; OS build 19042.1110; Version 2009; 64bit' Language: 'es' Physical Memory: 16178 MB
BatchMode: 1, IsHumanControllingUs: 0, StartBugReporterOnCrash: 0, Is64bit: 1, IsPro: 0

 COMMAND LINE ARGUMENTS:
D:\unity\2020.3.4f1\Editor\Unity.exe
-adb2
-batchMode
-noUpm
-name
AssetImportWorker0
-projectPath
D:/AME/QUINTO TETRA/PROYECTO UNITY/Azmodeus Unity/ProyectoUnity/Cartas-main
-logFile
Logs/AssetImportWorker0.log
-srvPort
60719
Successfully changed project path to: D:/AME/QUINTO TETRA/PROYECTO UNITY/Azmodeus Unity/ProyectoUnity/Cartas-main
D:/AME/QUINTO TETRA/PROYECTO UNITY/Azmodeus Unity/ProyectoUnity/Cartas-main
Using Asset Import Pipeline V2.
Refreshing native plugins compatible for Editor in 22.82 ms, found 0 plugins.
Preloading 0 native plugins for Editor in 0.00 ms.
Initialize engine version: 2020.3.4f1 (0abb6314276a)
[Subsystems] Discovering subsystems at path D:/unity/2020.3.4f1/Editor/Data/Resources/UnitySubsystems
[Subsystems] Discovering subsystems at path D:/AME/QUINTO TETRA/PROYECTO UNITY/Azmodeus Unity/ProyectoUnity/Cartas-main/Assets
GfxDevice: creating device client; threaded=0
Direct3D:
    Version:  Direct3D 11.0 [level 11.1]
    Renderer: NVIDIA GeForce GTX 1060 with Max-Q Design (ID=0x1c20)
    Vendor:   
    VRAM:     6052 MB
    Driver:   27.21.14.5771
Initialize mono
Mono path[0] = 'D:/unity/2020.3.4f1/Editor/Data/Managed'
Mono path[1] = 'D:/unity/2020.3.4f1/Editor/Data/MonoBleedingEdge/lib/mono/unityjit'
Mono config path = 'D:/unity/2020.3.4f1/Editor/Data/MonoBleedingEdge/etc'
Using monoOptions --debugger-agent=transport=dt_socket,embedding=1,server=y,suspend=n,address=127.0.0.1:56980
Begin MonoManager ReloadAssembly
Registering precompiled unity dll's ...
Register platform support module: D:/unity/2020.3.4f1/Editor/Data/PlaybackEngines/WindowsStandaloneSupport/UnityEditor.WindowsStandalone.Extensions.dll
Registered in 0.004396 seconds.
Native extension for WindowsStandalone target not found
Refreshing native plugins compatible for Editor in 23.14 ms, found 0 plugins.
Preloading 0 native plugins for Editor in 0.00 ms.
Mono: successfully reloaded assembly
- Completed reload, in  1.349 seconds
Platform modules already initialized, skipping
Registering precompiled user dll's ...
Registered in 0.001148 seconds.
Begin MonoManager ReloadAssembly
Native extension for WindowsStandalone target not found
Refreshing native plugins compatible for Editor in 0.19 ms, found 0 plugins.
Preloading 0 native plugins for Editor in 0.00 ms.
Mono: successfully reloaded assembly
- Completed reload, in  0.859 seconds
Platform modules already initialized, skipping
========================================================================
Worker process is ready to serve import requests
Launched and connected shader compiler UnityShaderCompiler.exe after 0.05 seconds
Refreshing native plugins compatible for Editor in 0.19 ms, found 0 plugins.
Preloading 0 native plugins for Editor in 0.00 ms.
Unloading 1123 Unused Serialized files (Serialized files now loaded: 0)
System memory in use before: 57.5 MB.
System memory in use after: 57.6 MB.

Unloading 9 unused Assets to reduce memory usage. Loaded Objects now: 1567.
Total: 1.646900 ms (FindLiveObjects: 0.137000 ms CreateObjectMapping: 0.042600 ms MarkObjects: 1.399200 ms  DeleteObjects: 0.067000 ms)

========================================================================
Received Import Request.
  path: Assets/Script/Cartas/TestCard.asset
  artifactKey: Guid(e0b0f5620b099294596da43d098cebca) Importer(815301076,1909f56bfc062723c751e8b465ee728b)
Start importing Assets/Script/Cartas/TestCard.asset using Guid(e0b0f5620b099294596da43d098cebca) Importer(815301076,1909f56bfc062723c751e8b465ee728b)  -> (artifact id: 'bf53dfeef705bf892e838b86107b7903') in 0.147844 seconds
  Import took 0.157213 seconds .

========================================================================
Received Import Request.
  Time since last request: 0.000493 seconds.
  path: Assets/Script/Cartas/Aracnofobia.asset
  artifactKey: Guid(5f67a637b18e5fd4da7ca29433a9f59c) Importer(815301076,1909f56bfc062723c751e8b465ee728b)
Start importing Assets/Script/Cartas/Aracnofobia.asset using Guid(5f67a637b18e5fd4da7ca29433a9f59c) Importer(815301076,1909f56bfc062723c751e8b465ee728b)  -> (artifact id: '1362f2bb1d8f92261e48e03aeef687e4') in 0.008176 seconds
  Import took 0.009980 seconds .

========================================================================
Received Import Request.
  Time since last request: 180.385373 seconds.
  path: Assets/CARTAS imagenes
  artifactKey: Guid(66b174cb8cc1162498a86b872be68cbb) Importer(815301076,1909f56bfc062723c751e8b465ee728b)
Start importing Assets/CARTAS imagenes using Guid(66b174cb8cc1162498a86b872be68cbb) Importer(815301076,1909f56bfc062723c751e8b465ee728b)  -> (artifact id: '576d3c32a274eea12c7dd34f7c6e6235') in 0.007629 seconds
  Import took 0.009610 seconds .

AssetImportWorkerClient::OnTransportError - code=2 error=End of file
